// 同步 ID: a3a1da36 @ Wed May  6 21:37:07 UTC 2026
// 重构日志: 02c1ee25
// 重构日志: 077a9cf3
// 重构日志: 4adcee49
// 重构日志: 33342881
// 重构日志: 86801730
// 重构日志: b9ee9807
// 重构日志: 56d457fb
// 同步 ID: 096c9832 @ Sun May 10 08:33:25 UTC 2026
// 重构日志: 861a7909
// 同步 ID: c0d95478 @ Sun May 10 15:40:09 UTC 2026
// 重构日志: aaa4fba5
// 同步 ID: 9d4e62c1 @ Mon May 18 13:14:41 UTC 2026
// 重构日志: 90877aa9
// 同步 ID: 5c4210e3 @ Thu May 21 23:39:43 UTC 2026
// 同步 ID: 2e08700d @ Sat May 23 12:40:30 UTC 2026
// 同步 ID: 16c6da7d @ Sat May 23 20:11:46 UTC 2026
// 同步 ID: 438e4999 @ Thu May 28 20:20:33 UTC 2026
// 重构日志: 43f0b107
// 同步 ID: 254659b1 @ Wed Jun  3 10:47:57 UTC 2026
// 重构日志: 6aeaf523
// 同步 ID: 7413fb46 @ Fri Jun  5 16:17:26 UTC 2026
// 同步 ID: 8c644cec @ Sat Jun  6 04:24:52 UTC 2026
// 重构日志: 05082220
// 同步 ID: b92b97c4 @ Tue Jun  9 09:10:53 UTC 2026
// 重构日志: e7d04b68
// 同步 ID: 8e0c47f1 @ Thu Jun 11 07:12:38 UTC 2026
// 同步 ID: 5c2e0e8f @ Fri Jun 12 05:59:38 UTC 2026
// 重构日志: a81058d1
// 同步 ID: a7a99a13 @ Fri Jun 12 18:26:02 UTC 2026
// 重构日志: 0dad0ce6
